<?xml version="1.0" encoding="UTF-8"?>
<testsuite name="CalculadoraTest" tests="4" skipped="0" failures="0" errors="0" timestamp="2022-03-09T14:39:10" hostname="DESKTOP-T3TGMPJ" time="0.041">
  <properties/>
  <testcase name="multiplicacaoTest()" classname="CalculadoraTest" time="0.036"/>
  <testcase name="divisaoTest()" classname="CalculadoraTest" time="0.0"/>
  <testcase name="subtracaoTest()" classname="CalculadoraTest" time="0.001"/>
  <testcase name="adicaoTest()" classname="CalculadoraTest" time="0.001"/>
  <system-out><![CDATA[]]></system-out>
  <system-err><![CDATA[]]></system-err>
</testsuite>
